{
"contracts\\erc20_usdt.sol":{"l":{"10":27},"path":"D:\\Code\\Dappdemo\\NFTMarketdemo\\contracts\\erc20_usdt.sol","s":{"1":27},"b":{},"f":{"1":27},"fnMap":{"1":{"name":"constructor","line":8,"loc":{"start":{"line":7,"column":4},"end":{"line":11,"column":4}}}},"statementMap":{"1":{"start":{"line":10,"column":8},"end":{"line":10,"column":48}}},"branchMap":{}},
"contracts\\erc721_nft.sol":{"l":{"17":0,"21":18,"22":18,"32":27,"39":0,"48":0},"path":"D:\\Code\\Dappdemo\\NFTMarketdemo\\contracts\\erc721_nft.sol","s":{"1":0,"2":18,"3":18,"4":27,"5":0,"6":0},"b":{"1":[18,0]},"f":{"1":27,"2":0,"3":18,"4":27,"5":0,"6":0},"fnMap":{"1":{"name":"constructor","line":13,"loc":{"start":{"line":11,"column":4},"end":{"line":14,"column":5}}},"2":{"name":"_baseURI","line":16,"loc":{"start":{"line":16,"column":4},"end":{"line":18,"column":4}}},"3":{"name":"safeMint","line":20,"loc":{"start":{"line":20,"column":4},"end":{"line":23,"column":4}}},"4":{"name":"_update","line":27,"loc":{"start":{"line":27,"column":4},"end":{"line":33,"column":4}}},"5":{"name":"_increaseBalance","line":35,"loc":{"start":{"line":35,"column":4},"end":{"line":40,"column":4}}},"6":{"name":"supportsInterface","line":42,"loc":{"start":{"line":42,"column":4},"end":{"line":49,"column":4}}}},"statementMap":{"1":{"start":{"line":17,"column":8},"end":{"line":17,"column":41}},"2":{"start":{"line":21,"column":8},"end":{"line":21,"column":40}},"3":{"start":{"line":22,"column":8},"end":{"line":22,"column":29}},"4":{"start":{"line":32,"column":8},"end":{"line":32,"column":47}},"5":{"start":{"line":39,"column":8},"end":{"line":39,"column":45}},"6":{"start":{"line":48,"column":8},"end":{"line":48,"column":51}}},"branchMap":{"1":{"line":20,"type":"if","locations":[{"start":{"line":20,"column":41},"end":{"line":20,"column":41}},{"start":{"line":20,"column":41},"end":{"line":20,"column":41}}]}}},
"contracts\\interfaces\\IERC165.sol":{"l":{},"path":"D:\\Code\\Dappdemo\\NFTMarketdemo\\contracts\\interfaces\\IERC165.sol","s":{},"b":{},"f":{},"fnMap":{},"statementMap":{},"branchMap":{}},
"contracts\\interfaces\\IERC20.sol":{"l":{},"path":"D:\\Code\\Dappdemo\\NFTMarketdemo\\contracts\\interfaces\\IERC20.sol","s":{},"b":{},"f":{},"fnMap":{},"statementMap":{},"branchMap":{}},
"contracts\\interfaces\\IERC721.sol":{"l":{},"path":"D:\\Code\\Dappdemo\\NFTMarketdemo\\contracts\\interfaces\\IERC721.sol","s":{},"b":{},"f":{},"fnMap":{},"statementMap":{},"branchMap":{}},
"contracts\\interfaces\\IERC721Metadata.sol":{"l":{},"path":"D:\\Code\\Dappdemo\\NFTMarketdemo\\contracts\\interfaces\\IERC721Metadata.sol","s":{},"b":{},"f":{},"fnMap":{},"statementMap":{},"branchMap":{}},
"contracts\\interfaces\\IERC721Receiver.sol":{"l":{},"path":"D:\\Code\\Dappdemo\\NFTMarketdemo\\contracts\\interfaces\\IERC721Receiver.sol","s":{},"b":{},"f":{},"fnMap":{},"statementMap":{},"branchMap":{}},
"contracts\\ntf_market.sol":{"l":{"32":27,"33":27,"34":27,"35":27,"39":1,"41":1,"42":1,"43":1,"45":1,"46":1,"50":1,"52":1,"53":1,"57":1,"58":1,"63":1,"65":1,"66":1,"70":1,"71":1,"76":1,"77":1,"78":1,"79":1,"81":1,"90":7,"91":7,"93":7,"94":7,"96":7,"97":7,"98":7,"100":7,"102":7,"106":18,"110":2,"111":2,"113":2,"114":1,"115":1,"116":1,"118":2,"120":2,"121":2,"125":4,"129":6,"133":3,"134":3,"135":3,"136":6,"137":6,"138":6,"141":3,"145":7,"146":7,"147":7,"149":7,"153":7},"path":"D:\\Code\\Dappdemo\\NFTMarketdemo\\contracts\\ntf_market.sol","s":{"1":27,"2":27,"3":1,"4":1,"5":1,"6":1,"7":1,"8":1,"9":1,"10":1,"11":1,"12":1,"13":1,"14":1,"15":1,"16":1,"17":1,"18":1,"19":1,"20":1,"21":1,"22":7,"23":7,"24":7,"25":7,"26":7,"27":7,"28":7,"29":18,"30":2,"31":2,"32":2,"33":1,"34":2,"35":4,"36":6,"37":3,"38":3,"39":3,"40":6,"41":3,"42":7,"43":7,"44":7,"45":7},"b":{"1":[27,0],"2":[27,0],"3":[1,0],"4":[1,0],"5":[1,0],"6":[1,0],"7":[1,0],"8":[1,0],"9":[1,0],"10":[7,0],"11":[7,0],"12":[7,0],"13":[1,1],"14":[6,0],"15":[7,0],"16":[7,0]},"f":{"1":27,"2":1,"3":1,"4":1,"5":7,"6":18,"7":2,"8":4,"9":6,"10":3,"11":7},"fnMap":{"1":{"name":"constructor","line":31,"loc":{"start":{"line":31,"column":4},"end":{"line":36,"column":4}}},"2":{"name":"buy","line":38,"loc":{"start":{"line":38,"column":4},"end":{"line":54,"column":4}}},"3":{"name":"cancelOrder","line":56,"loc":{"start":{"line":56,"column":4},"end":{"line":67,"column":4}}},"4":{"name":"changePrice","line":69,"loc":{"start":{"line":69,"column":4},"end":{"line":82,"column":4}}},"5":{"name":"onERC721Received","line":84,"loc":{"start":{"line":84,"column":4},"end":{"line":103,"column":4}}},"6":{"name":"isListed","line":105,"loc":{"start":{"line":105,"column":4},"end":{"line":107,"column":4}}},"7":{"name":"removeListing","line":109,"loc":{"start":{"line":109,"column":4},"end":{"line":122,"column":4}}},"8":{"name":"getOrderLength","line":124,"loc":{"start":{"line":124,"column":4},"end":{"line":126,"column":4}}},"9":{"name":"getAllNFTs","line":128,"loc":{"start":{"line":128,"column":4},"end":{"line":130,"column":4}}},"10":{"name":"getMyNFTs","line":132,"loc":{"start":{"line":132,"column":4},"end":{"line":142,"column":4}}},"11":{"name":"toUint256","line":144,"loc":{"start":{"line":144,"column":4},"end":{"line":154,"column":4}}}},"statementMap":{"1":{"start":{"line":32,"column":8},"end":{"line":32,"column":76}},"2":{"start":{"line":33,"column":8},"end":{"line":33,"column":78}},"3":{"start":{"line":39,"column":8},"end":{"line":39,"column":68}},"4":{"start":{"line":41,"column":8},"end":{"line":41,"column":51}},"5":{"start":{"line":42,"column":8},"end":{"line":42,"column":34}},"6":{"start":{"line":43,"column":8},"end":{"line":43,"column":49}},"7":{"start":{"line":45,"column":8},"end":{"line":45,"column":62}},"8":{"start":{"line":46,"column":8},"end":{"line":46,"column":1611}},"9":{"start":{"line":50,"column":8},"end":{"line":50,"column":62}},"10":{"start":{"line":52,"column":8},"end":{"line":52,"column":30}},"11":{"start":{"line":53,"column":8},"end":{"line":53,"column":50}},"12":{"start":{"line":57,"column":8},"end":{"line":57,"column":68}},"13":{"start":{"line":58,"column":8},"end":{"line":58,"column":2026}},"14":{"start":{"line":63,"column":8},"end":{"line":63,"column":67}},"15":{"start":{"line":65,"column":8},"end":{"line":65,"column":30}},"16":{"start":{"line":66,"column":8},"end":{"line":66,"column":46}},"17":{"start":{"line":70,"column":8},"end":{"line":70,"column":68}},"18":{"start":{"line":71,"column":8},"end":{"line":71,"column":2473}},"19":{"start":{"line":76,"column":8},"end":{"line":76,"column":57}},"20":{"start":{"line":78,"column":8},"end":{"line":78,"column":62}},"21":{"start":{"line":81,"column":8},"end":{"line":81,"column":69}},"22":{"start":{"line":90,"column":8},"end":{"line":90,"column":44}},"23":{"start":{"line":91,"column":8},"end":{"line":91,"column":51}},"24":{"start":{"line":93,"column":8},"end":{"line":93,"column":63}},"25":{"start":{"line":94,"column":8},"end":{"line":94,"column":73}},"26":{"start":{"line":96,"column":8},"end":{"line":96,"column":52}},"27":{"start":{"line":100,"column":8},"end":{"line":100,"column":48}},"28":{"start":{"line":102,"column":8},"end":{"line":102,"column":39}},"29":{"start":{"line":106,"column":8},"end":{"line":106,"column":55}},"30":{"start":{"line":110,"column":8},"end":{"line":110,"column":50}},"31":{"start":{"line":111,"column":8},"end":{"line":111,"column":60}},"32":{"start":{"line":113,"column":8},"end":{"line":113,"column":3940}},"33":{"start":{"line":114,"column":12},"end":{"line":114,"column":60}},"34":{"start":{"line":118,"column":8},"end":{"line":118,"column":19}},"35":{"start":{"line":125,"column":8},"end":{"line":125,"column":28}},"36":{"start":{"line":129,"column":8},"end":{"line":129,"column":21}},"37":{"start":{"line":133,"column":8},"end":{"line":133,"column":60}},"38":{"start":{"line":134,"column":8},"end":{"line":134,"column":32}},"39":{"start":{"line":135,"column":8},"end":{"line":135,"column":4668}},"40":{"start":{"line":136,"column":12},"end":{"line":136,"column":4731}},"41":{"start":{"line":141,"column":8},"end":{"line":141,"column":23}},"42":{"start":{"line":145,"column":8},"end":{"line":145,"column":68}},"43":{"start":{"line":146,"column":8},"end":{"line":146,"column":80}},"44":{"start":{"line":147,"column":8},"end":{"line":147,"column":24}},"45":{"start":{"line":153,"column":8},"end":{"line":153,"column":23}}},"branchMap":{"1":{"line":32,"type":"if","locations":[{"start":{"line":32,"column":8},"end":{"line":32,"column":8}},{"start":{"line":32,"column":8},"end":{"line":32,"column":8}}]},"2":{"line":33,"type":"if","locations":[{"start":{"line":33,"column":8},"end":{"line":33,"column":8}},{"start":{"line":33,"column":8},"end":{"line":33,"column":8}}]},"3":{"line":39,"type":"if","locations":[{"start":{"line":39,"column":8},"end":{"line":39,"column":8}},{"start":{"line":39,"column":8},"end":{"line":39,"column":8}}]},"4":{"line":45,"type":"if","locations":[{"start":{"line":45,"column":8},"end":{"line":45,"column":8}},{"start":{"line":45,"column":8},"end":{"line":45,"column":8}}]},"5":{"line":46,"type":"if","locations":[{"start":{"line":46,"column":8},"end":{"line":46,"column":8}},{"start":{"line":46,"column":8},"end":{"line":46,"column":8}}]},"6":{"line":57,"type":"if","locations":[{"start":{"line":57,"column":8},"end":{"line":57,"column":8}},{"start":{"line":57,"column":8},"end":{"line":57,"column":8}}]},"7":{"line":58,"type":"if","locations":[{"start":{"line":58,"column":8},"end":{"line":58,"column":8}},{"start":{"line":58,"column":8},"end":{"line":58,"column":8}}]},"8":{"line":70,"type":"if","locations":[{"start":{"line":70,"column":8},"end":{"line":70,"column":8}},{"start":{"line":70,"column":8},"end":{"line":70,"column":8}}]},"9":{"line":71,"type":"if","locations":[{"start":{"line":71,"column":8},"end":{"line":71,"column":8}},{"start":{"line":71,"column":8},"end":{"line":71,"column":8}}]},"10":{"line":91,"type":"if","locations":[{"start":{"line":91,"column":8},"end":{"line":91,"column":8}},{"start":{"line":91,"column":8},"end":{"line":91,"column":8}}]},"11":{"line":93,"type":"if","locations":[{"start":{"line":93,"column":8},"end":{"line":93,"column":8}},{"start":{"line":93,"column":8},"end":{"line":93,"column":8}}]},"12":{"line":94,"type":"if","locations":[{"start":{"line":94,"column":8},"end":{"line":94,"column":8}},{"start":{"line":94,"column":8},"end":{"line":94,"column":8}}]},"13":{"line":113,"type":"if","locations":[{"start":{"line":113,"column":8},"end":{"line":113,"column":8}},{"start":{"line":113,"column":8},"end":{"line":113,"column":8}}]},"14":{"line":136,"type":"if","locations":[{"start":{"line":136,"column":12},"end":{"line":136,"column":12}},{"start":{"line":136,"column":12},"end":{"line":136,"column":12}}]},"15":{"line":145,"type":"if","locations":[{"start":{"line":145,"column":8},"end":{"line":145,"column":8}},{"start":{"line":145,"column":8},"end":{"line":145,"column":8}}]},"16":{"line":146,"type":"if","locations":[{"start":{"line":146,"column":8},"end":{"line":146,"column":8}},{"start":{"line":146,"column":8},"end":{"line":146,"column":8}}]}}},
"contracts\\tokens\\erc20.sol":{"l":{"21":0,"22":0,"23":0,"27":0,"31":0,"35":0,"36":0,"40":0,"44":0,"45":0,"49":0,"50":0,"51":0,"55":0,"56":0,"58":0,"59":0,"60":0,"64":0,"66":0,"67":0,"68":0,"72":0,"74":0,"75":0,"76":0,"80":0,"81":0,"83":0,"84":0},"path":"D:\\Code\\Dappdemo\\NFTMarketdemo\\contracts\\tokens\\erc20.sol","s":{"1":0,"2":0,"3":0,"4":0,"5":0,"6":0,"7":0,"8":0,"9":0,"10":0,"11":0,"12":0,"13":0,"14":0,"15":0,"16":0,"17":0,"18":0,"19":0,"20":0},"b":{"1":[0,0],"2":[0,0],"3":[0,0],"4":[0,0],"5":[0,0],"6":[0,0]},"f":{"1":0,"2":0,"3":0,"4":0,"5":0,"6":0,"7":0,"8":0,"9":0,"10":0,"11":0},"fnMap":{"1":{"name":"constructor","line":20,"loc":{"start":{"line":20,"column":4},"end":{"line":24,"column":4}}},"2":{"name":"totalSupply","line":26,"loc":{"start":{"line":26,"column":4},"end":{"line":28,"column":4}}},"3":{"name":"balanceOf","line":30,"loc":{"start":{"line":30,"column":4},"end":{"line":32,"column":4}}},"4":{"name":"transfer","line":34,"loc":{"start":{"line":34,"column":4},"end":{"line":37,"column":4}}},"5":{"name":"allowance","line":39,"loc":{"start":{"line":39,"column":4},"end":{"line":41,"column":4}}},"6":{"name":"approve","line":43,"loc":{"start":{"line":43,"column":4},"end":{"line":46,"column":4}}},"7":{"name":"transferFrom","line":48,"loc":{"start":{"line":48,"column":4},"end":{"line":52,"column":4}}},"8":{"name":"_transfer","line":54,"loc":{"start":{"line":54,"column":4},"end":{"line":61,"column":4}}},"9":{"name":"_mint","line":63,"loc":{"start":{"line":63,"column":4},"end":{"line":69,"column":4}}},"10":{"name":"_burn","line":71,"loc":{"start":{"line":71,"column":4},"end":{"line":77,"column":4}}},"11":{"name":"_approve","line":79,"loc":{"start":{"line":79,"column":4},"end":{"line":85,"column":4}}}},"statementMap":{"1":{"start":{"line":27,"column":8},"end":{"line":27,"column":27}},"2":{"start":{"line":31,"column":8},"end":{"line":31,"column":33}},"3":{"start":{"line":35,"column":8},"end":{"line":35,"column":47}},"4":{"start":{"line":36,"column":8},"end":{"line":36,"column":19}},"5":{"start":{"line":40,"column":8},"end":{"line":40,"column":42}},"6":{"start":{"line":44,"column":8},"end":{"line":44,"column":44}},"7":{"start":{"line":45,"column":8},"end":{"line":45,"column":19}},"8":{"start":{"line":49,"column":8},"end":{"line":49,"column":43}},"9":{"start":{"line":50,"column":8},"end":{"line":50,"column":124}},"10":{"start":{"line":51,"column":8},"end":{"line":51,"column":19}},"11":{"start":{"line":55,"column":8},"end":{"line":55,"column":77}},"12":{"start":{"line":56,"column":8},"end":{"line":56,"column":78}},"13":{"start":{"line":60,"column":8},"end":{"line":60,"column":48}},"14":{"start":{"line":64,"column":8},"end":{"line":64,"column":72}},"15":{"start":{"line":68,"column":8},"end":{"line":68,"column":50}},"16":{"start":{"line":72,"column":8},"end":{"line":72,"column":74}},"17":{"start":{"line":76,"column":8},"end":{"line":76,"column":50}},"18":{"start":{"line":80,"column":8},"end":{"line":80,"column":75}},"19":{"start":{"line":81,"column":8},"end":{"line":81,"column":75}},"20":{"start":{"line":84,"column":8},"end":{"line":84,"column":45}}},"branchMap":{"1":{"line":55,"type":"if","locations":[{"start":{"line":55,"column":8},"end":{"line":55,"column":8}},{"start":{"line":55,"column":8},"end":{"line":55,"column":8}}]},"2":{"line":56,"type":"if","locations":[{"start":{"line":56,"column":8},"end":{"line":56,"column":8}},{"start":{"line":56,"column":8},"end":{"line":56,"column":8}}]},"3":{"line":64,"type":"if","locations":[{"start":{"line":64,"column":8},"end":{"line":64,"column":8}},{"start":{"line":64,"column":8},"end":{"line":64,"column":8}}]},"4":{"line":72,"type":"if","locations":[{"start":{"line":72,"column":8},"end":{"line":72,"column":8}},{"start":{"line":72,"column":8},"end":{"line":72,"column":8}}]},"5":{"line":80,"type":"if","locations":[{"start":{"line":80,"column":8},"end":{"line":80,"column":8}},{"start":{"line":80,"column":8},"end":{"line":80,"column":8}}]},"6":{"line":81,"type":"if","locations":[{"start":{"line":81,"column":8},"end":{"line":81,"column":8}},{"start":{"line":81,"column":8},"end":{"line":81,"column":8}}]}}},
"contracts\\tokens\\erc721.sol":{"l":{"35":0,"36":0,"46":0,"54":0,"55":0,"65":0,"66":0,"76":0,"84":0,"85":0,"95":0,"96":0,"105":0,"106":0,"111":0,"112":0,"116":0,"125":0,"142":0,"143":0,"145":0,"147":0,"148":0,"149":0,"151":0,"160":0,"161":0,"165":0,"182":0,"183":0,"198":0,"199":0,"203":0,"212":0,"223":0,"224":0,"226":0,"227":0,"229":0,"234":0,"235":0,"237":0,"239":0,"240":0,"242":0,"252":0,"253":0,"259":0,"261":0,"275":0,"277":0,"279":0,"288":0},"path":"D:\\Code\\Dappdemo\\NFTMarketdemo\\contracts\\tokens\\erc721.sol","s":{"1":0,"2":0,"3":0,"4":0,"5":0,"6":0,"7":0,"8":0,"9":0,"10":0,"11":0,"12":0,"13":0,"14":0,"15":0,"16":0,"17":0,"18":0,"19":0,"20":0,"21":0,"22":0,"23":0,"24":0,"25":0,"26":0,"27":0,"28":0,"29":0,"30":0,"31":0,"32":0,"33":0,"34":0,"35":0,"36":0,"37":0,"38":0,"39":0,"40":0,"41":0},"b":{"1":[0,0],"2":[0,0],"3":[0,0],"4":[0,0],"5":[0,0],"6":[0,0],"7":[0,0],"8":[0,0],"9":[0,0],"10":[0,0],"11":[0,0],"12":[0,0],"13":[0,0],"14":[0,0],"15":[0,0],"16":[0,0],"17":[0,0],"18":[0,0],"19":[0,0],"20":[0,0]},"f":{"1":0,"2":0,"3":0,"4":0,"5":0,"6":0,"7":0,"8":0,"9":0,"10":0,"11":0,"12":0,"13":0,"14":0,"15":0,"16":0,"17":0,"18":0,"19":0,"20":0},"fnMap":{"1":{"name":"constructor","line":34,"loc":{"start":{"line":34,"column":4},"end":{"line":37,"column":4}}},"2":{"name":"supportsInterface","line":40,"loc":{"start":{"line":40,"column":4},"end":{"line":50,"column":4}}},"3":{"name":"balanceOf","line":53,"loc":{"start":{"line":53,"column":4},"end":{"line":56,"column":4}}},"4":{"name":"ownerOf","line":59,"loc":{"start":{"line":59,"column":4},"end":{"line":67,"column":4}}},"5":{"name":"isApprovedForAll","line":70,"loc":{"start":{"line":70,"column":4},"end":{"line":77,"column":4}}},"6":{"name":"setApprovalForAll","line":80,"loc":{"start":{"line":80,"column":4},"end":{"line":86,"column":4}}},"7":{"name":"getApproved","line":89,"loc":{"start":{"line":89,"column":4},"end":{"line":97,"column":4}}},"8":{"name":"_approve","line":100,"loc":{"start":{"line":100,"column":4},"end":{"line":107,"column":4}}},"9":{"name":"approve","line":110,"loc":{"start":{"line":110,"column":4},"end":{"line":117,"column":4}}},"10":{"name":"_isApprovedOrOwner","line":120,"loc":{"start":{"line":120,"column":4},"end":{"line":128,"column":4}}},"11":{"name":"_transfer","line":136,"loc":{"start":{"line":136,"column":4},"end":{"line":152,"column":4}}},"12":{"name":"transferFrom","line":155,"loc":{"start":{"line":155,"column":4},"end":{"line":166,"column":4}}},"13":{"name":"_safeTransfer","line":175,"loc":{"start":{"line":175,"column":4},"end":{"line":187,"column":4}}},"14":{"name":"safeTransferFrom","line":192,"loc":{"start":{"line":192,"column":4},"end":{"line":204,"column":4}}},"15":{"name":"safeTransferFrom","line":207,"loc":{"start":{"line":207,"column":4},"end":{"line":213,"column":4}}},"16":{"name":"_mint","line":222,"loc":{"start":{"line":222,"column":4},"end":{"line":230,"column":4}}},"17":{"name":"_burn","line":233,"loc":{"start":{"line":233,"column":4},"end":{"line":243,"column":4}}},"18":{"name":"_checkOnERC721Received","line":246,"loc":{"start":{"line":246,"column":4},"end":{"line":263,"column":4}}},"19":{"name":"tokenURI","line":268,"loc":{"start":{"line":268,"column":4},"end":{"line":281,"column":4}}},"20":{"name":"_baseURI","line":287,"loc":{"start":{"line":287,"column":4},"end":{"line":289,"column":4}}}},"statementMap":{"1":{"start":{"line":46,"column":8},"end":{"line":46,"column":1408}},"2":{"start":{"line":54,"column":8},"end":{"line":54,"column":59}},"3":{"start":{"line":55,"column":8},"end":{"line":55,"column":31}},"4":{"start":{"line":66,"column":8},"end":{"line":66,"column":58}},"5":{"start":{"line":76,"column":8},"end":{"line":76,"column":50}},"6":{"start":{"line":85,"column":8},"end":{"line":85,"column":59}},"7":{"start":{"line":95,"column":8},"end":{"line":95,"column":69}},"8":{"start":{"line":96,"column":8},"end":{"line":96,"column":39}},"9":{"start":{"line":106,"column":8},"end":{"line":106,"column":41}},"10":{"start":{"line":111,"column":8},"end":{"line":111,"column":40}},"11":{"start":{"line":112,"column":8},"end":{"line":112,"column":3496}},"12":{"start":{"line":116,"column":8},"end":{"line":116,"column":35}},"13":{"start":{"line":125,"column":8},"end":{"line":125,"column":3927}},"14":{"start":{"line":142,"column":8},"end":{"line":142,"column":42}},"15":{"start":{"line":143,"column":8},"end":{"line":143,"column":64}},"16":{"start":{"line":145,"column":8},"end":{"line":145,"column":43}},"17":{"start":{"line":151,"column":8},"end":{"line":151,"column":40}},"18":{"start":{"line":160,"column":8},"end":{"line":160,"column":40}},"19":{"start":{"line":161,"column":8},"end":{"line":161,"column":4853}},"20":{"start":{"line":165,"column":8},"end":{"line":165,"column":42}},"21":{"start":{"line":182,"column":8},"end":{"line":182,"column":42}},"22":{"start":{"line":183,"column":8},"end":{"line":183,"column":5522}},"23":{"start":{"line":198,"column":8},"end":{"line":198,"column":40}},"24":{"start":{"line":199,"column":8},"end":{"line":199,"column":5931}},"25":{"start":{"line":203,"column":8},"end":{"line":203,"column":53}},"26":{"start":{"line":212,"column":8},"end":{"line":212,"column":46}},"27":{"start":{"line":223,"column":8},"end":{"line":223,"column":56}},"28":{"start":{"line":224,"column":8},"end":{"line":224,"column":70}},"29":{"start":{"line":229,"column":8},"end":{"line":229,"column":46}},"30":{"start":{"line":234,"column":8},"end":{"line":234,"column":40}},"31":{"start":{"line":235,"column":8},"end":{"line":235,"column":57}},"32":{"start":{"line":237,"column":8},"end":{"line":237,"column":43}},"33":{"start":{"line":242,"column":8},"end":{"line":242,"column":49}},"34":{"start":{"line":252,"column":8},"end":{"line":252,"column":7593}},"35":{"start":{"line":253,"column":12},"end":{"line":253,"column":7634}},"36":{"start":{"line":259,"column":12},"end":{"line":259,"column":55}},"37":{"start":{"line":261,"column":12},"end":{"line":261,"column":23}},"38":{"start":{"line":275,"column":8},"end":{"line":275,"column":65}},"39":{"start":{"line":277,"column":8},"end":{"line":277,"column":42}},"40":{"start":{"line":279,"column":8},"end":{"line":279,"column":8436}},"41":{"start":{"line":288,"column":8},"end":{"line":288,"column":17}}},"branchMap":{"1":{"line":47,"type":"cond-expr","locations":[{"start":{"line":47,"column":12},"end":{"line":47,"column":51}},{"start":{"line":48,"column":12},"end":{"line":48,"column":51}}]},"2":{"line":47,"type":"cond-expr","locations":[{"start":{"line":47,"column":12},"end":{"line":48,"column":51}},{"start":{"line":49,"column":12},"end":{"line":49,"column":59}}]},"3":{"line":54,"type":"if","locations":[{"start":{"line":54,"column":8},"end":{"line":54,"column":8}},{"start":{"line":54,"column":8},"end":{"line":54,"column":8}}]},"4":{"line":66,"type":"if","locations":[{"start":{"line":66,"column":8},"end":{"line":66,"column":8}},{"start":{"line":66,"column":8},"end":{"line":66,"column":8}}]},"5":{"line":95,"type":"if","locations":[{"start":{"line":95,"column":8},"end":{"line":95,"column":8}},{"start":{"line":95,"column":8},"end":{"line":95,"column":8}}]},"6":{"line":112,"type":"if","locations":[{"start":{"line":112,"column":8},"end":{"line":112,"column":8}},{"start":{"line":112,"column":8},"end":{"line":112,"column":8}}]},"7":{"line":113,"type":"cond-expr","locations":[{"start":{"line":113,"column":12},"end":{"line":113,"column":30}},{"start":{"line":113,"column":35},"end":{"line":113,"column":71}}]},"8":{"line":125,"type":"cond-expr","locations":[{"start":{"line":125,"column":16},"end":{"line":125,"column":31}},{"start":{"line":126,"column":12},"end":{"line":126,"column":46}}]},"9":{"line":125,"type":"cond-expr","locations":[{"start":{"line":125,"column":16},"end":{"line":126,"column":46}},{"start":{"line":127,"column":12},"end":{"line":127,"column":45}}]},"10":{"line":142,"type":"if","locations":[{"start":{"line":142,"column":8},"end":{"line":142,"column":8}},{"start":{"line":142,"column":8},"end":{"line":142,"column":8}}]},"11":{"line":143,"type":"if","locations":[{"start":{"line":143,"column":8},"end":{"line":143,"column":8}},{"start":{"line":143,"column":8},"end":{"line":143,"column":8}}]},"12":{"line":161,"type":"if","locations":[{"start":{"line":161,"column":8},"end":{"line":161,"column":8}},{"start":{"line":161,"column":8},"end":{"line":161,"column":8}}]},"13":{"line":183,"type":"if","locations":[{"start":{"line":183,"column":8},"end":{"line":183,"column":8}},{"start":{"line":183,"column":8},"end":{"line":183,"column":8}}]},"14":{"line":199,"type":"if","locations":[{"start":{"line":199,"column":8},"end":{"line":199,"column":8}},{"start":{"line":199,"column":8},"end":{"line":199,"column":8}}]},"15":{"line":223,"type":"if","locations":[{"start":{"line":223,"column":8},"end":{"line":223,"column":8}},{"start":{"line":223,"column":8},"end":{"line":223,"column":8}}]},"16":{"line":224,"type":"if","locations":[{"start":{"line":224,"column":8},"end":{"line":224,"column":8}},{"start":{"line":224,"column":8},"end":{"line":224,"column":8}}]},"17":{"line":235,"type":"if","locations":[{"start":{"line":235,"column":8},"end":{"line":235,"column":8}},{"start":{"line":235,"column":8},"end":{"line":235,"column":8}}]},"18":{"line":252,"type":"if","locations":[{"start":{"line":252,"column":8},"end":{"line":252,"column":8}},{"start":{"line":252,"column":8},"end":{"line":252,"column":8}}]},"19":{"line":275,"type":"if","locations":[{"start":{"line":275,"column":8},"end":{"line":275,"column":8}},{"start":{"line":275,"column":8},"end":{"line":275,"column":8}}]},"20":{"line":280,"type":"if","locations":[{"start":{"line":280,"column":40},"end":{"line":280,"column":72}},{"start":{"line":280,"column":76},"end":{"line":280,"column":77}}]}}},
"contracts\\utils\\Address.sol":{"l":{"8":0,"9":0,"12":0},"path":"D:\\Code\\Dappdemo\\NFTMarketdemo\\contracts\\utils\\Address.sol","s":{"1":0,"2":0},"b":{},"f":{"1":0},"fnMap":{"1":{"name":"isContract","line":7,"loc":{"start":{"line":7,"column":4},"end":{"line":13,"column":4}}}},"statementMap":{"1":{"start":{"line":8,"column":8},"end":{"line":8,"column":17}},"2":{"start":{"line":12,"column":8},"end":{"line":12,"column":23}}},"branchMap":{}},
"contracts\\utils\\SafeMath.sol":{"l":{"7":0,"8":0,"9":0,"13":0,"14":0,"21":0,"22":0,"23":0,"24":0,"28":0,"29":0,"33":0,"34":0,"38":0,"39":0,"40":0,"44":0,"45":0,"49":0,"50":0,"51":0,"52":0,"56":0,"57":0,"61":0,"62":0,"66":0,"67":0,"71":0,"72":0,"76":0,"77":0},"path":"D:\\Code\\Dappdemo\\NFTMarketdemo\\contracts\\utils\\SafeMath.sol","s":{"1":0,"2":0,"3":0,"4":0,"5":0,"6":0,"7":0,"8":0,"9":0,"10":0,"11":0,"12":0,"13":0,"14":0,"15":0,"16":0,"17":0,"18":0,"19":0,"20":0,"21":0,"22":0,"23":0,"24":0,"25":0,"26":0,"27":0,"28":0,"29":0,"30":0,"31":0,"32":0,"33":0,"34":0,"35":0,"36":0,"37":0,"38":0,"39":0},"b":{"1":[0,0],"2":[0,0],"3":[0,0],"4":[0,0],"5":[0,0],"6":[0,0],"7":[0,0],"8":[0,0],"9":[0,0],"10":[0,0],"11":[0,0],"12":[0,0],"13":[0,0],"14":[0,0],"15":[0,0]},"f":{"1":0,"2":0,"3":0,"4":0,"5":0,"6":0,"7":0,"8":0,"9":0,"10":0,"11":0,"12":0,"13":0},"fnMap":{"1":{"name":"tryAdd","line":6,"loc":{"start":{"line":6,"column":4},"end":{"line":10,"column":4}}},"2":{"name":"trySub","line":12,"loc":{"start":{"line":12,"column":4},"end":{"line":15,"column":4}}},"3":{"name":"tryMul","line":17,"loc":{"start":{"line":17,"column":4},"end":{"line":25,"column":4}}},"4":{"name":"tryDiv","line":27,"loc":{"start":{"line":27,"column":4},"end":{"line":30,"column":4}}},"5":{"name":"tryMod","line":32,"loc":{"start":{"line":32,"column":4},"end":{"line":35,"column":4}}},"6":{"name":"add","line":37,"loc":{"start":{"line":37,"column":4},"end":{"line":41,"column":4}}},"7":{"name":"sub","line":43,"loc":{"start":{"line":43,"column":4},"end":{"line":46,"column":4}}},"8":{"name":"mul","line":48,"loc":{"start":{"line":48,"column":4},"end":{"line":53,"column":4}}},"9":{"name":"div","line":55,"loc":{"start":{"line":55,"column":4},"end":{"line":58,"column":4}}},"10":{"name":"mod","line":60,"loc":{"start":{"line":60,"column":4},"end":{"line":63,"column":4}}},"11":{"name":"sub","line":65,"loc":{"start":{"line":65,"column":4},"end":{"line":68,"column":4}}},"12":{"name":"div","line":70,"loc":{"start":{"line":70,"column":4},"end":{"line":73,"column":4}}},"13":{"name":"mod","line":75,"loc":{"start":{"line":75,"column":4},"end":{"line":78,"column":4}}}},"statementMap":{"1":{"start":{"line":7,"column":8},"end":{"line":7,"column":25}},"2":{"start":{"line":8,"column":8},"end":{"line":8,"column":36}},"3":{"start":{"line":8,"column":19},"end":{"line":8,"column":36}},"4":{"start":{"line":9,"column":8},"end":{"line":9,"column":24}},"5":{"start":{"line":13,"column":8},"end":{"line":13,"column":36}},"6":{"start":{"line":13,"column":19},"end":{"line":13,"column":36}},"7":{"start":{"line":14,"column":8},"end":{"line":14,"column":28}},"8":{"start":{"line":21,"column":8},"end":{"line":21,"column":36}},"9":{"start":{"line":21,"column":20},"end":{"line":21,"column":36}},"10":{"start":{"line":22,"column":8},"end":{"line":22,"column":25}},"11":{"start":{"line":23,"column":8},"end":{"line":23,"column":41}},"12":{"start":{"line":23,"column":24},"end":{"line":23,"column":41}},"13":{"start":{"line":24,"column":8},"end":{"line":24,"column":24}},"14":{"start":{"line":28,"column":8},"end":{"line":28,"column":37}},"15":{"start":{"line":28,"column":20},"end":{"line":28,"column":37}},"16":{"start":{"line":29,"column":8},"end":{"line":29,"column":28}},"17":{"start":{"line":33,"column":8},"end":{"line":33,"column":37}},"18":{"start":{"line":33,"column":20},"end":{"line":33,"column":37}},"19":{"start":{"line":34,"column":8},"end":{"line":34,"column":28}},"20":{"start":{"line":38,"column":8},"end":{"line":38,"column":25}},"21":{"start":{"line":39,"column":8},"end":{"line":39,"column":53}},"22":{"start":{"line":40,"column":8},"end":{"line":40,"column":16}},"23":{"start":{"line":44,"column":8},"end":{"line":44,"column":56}},"24":{"start":{"line":45,"column":8},"end":{"line":45,"column":20}},"25":{"start":{"line":49,"column":8},"end":{"line":49,"column":28}},"26":{"start":{"line":49,"column":20},"end":{"line":49,"column":28}},"27":{"start":{"line":50,"column":8},"end":{"line":50,"column":25}},"28":{"start":{"line":51,"column":8},"end":{"line":51,"column":63}},"29":{"start":{"line":52,"column":8},"end":{"line":52,"column":16}},"30":{"start":{"line":56,"column":8},"end":{"line":56,"column":51}},"31":{"start":{"line":57,"column":8},"end":{"line":57,"column":20}},"32":{"start":{"line":61,"column":8},"end":{"line":61,"column":49}},"33":{"start":{"line":62,"column":8},"end":{"line":62,"column":20}},"34":{"start":{"line":66,"column":8},"end":{"line":66,"column":36}},"35":{"start":{"line":67,"column":8},"end":{"line":67,"column":20}},"36":{"start":{"line":71,"column":8},"end":{"line":71,"column":35}},"37":{"start":{"line":72,"column":8},"end":{"line":72,"column":20}},"38":{"start":{"line":76,"column":8},"end":{"line":76,"column":35}},"39":{"start":{"line":77,"column":8},"end":{"line":77,"column":20}}},"branchMap":{"1":{"line":8,"type":"if","locations":[{"start":{"line":8,"column":8},"end":{"line":8,"column":8}},{"start":{"line":8,"column":8},"end":{"line":8,"column":8}}]},"2":{"line":13,"type":"if","locations":[{"start":{"line":13,"column":8},"end":{"line":13,"column":8}},{"start":{"line":13,"column":8},"end":{"line":13,"column":8}}]},"3":{"line":21,"type":"if","locations":[{"start":{"line":21,"column":8},"end":{"line":21,"column":8}},{"start":{"line":21,"column":8},"end":{"line":21,"column":8}}]},"4":{"line":23,"type":"if","locations":[{"start":{"line":23,"column":8},"end":{"line":23,"column":8}},{"start":{"line":23,"column":8},"end":{"line":23,"column":8}}]},"5":{"line":28,"type":"if","locations":[{"start":{"line":28,"column":8},"end":{"line":28,"column":8}},{"start":{"line":28,"column":8},"end":{"line":28,"column":8}}]},"6":{"line":33,"type":"if","locations":[{"start":{"line":33,"column":8},"end":{"line":33,"column":8}},{"start":{"line":33,"column":8},"end":{"line":33,"column":8}}]},"7":{"line":39,"type":"if","locations":[{"start":{"line":39,"column":8},"end":{"line":39,"column":8}},{"start":{"line":39,"column":8},"end":{"line":39,"column":8}}]},"8":{"line":44,"type":"if","locations":[{"start":{"line":44,"column":8},"end":{"line":44,"column":8}},{"start":{"line":44,"column":8},"end":{"line":44,"column":8}}]},"9":{"line":49,"type":"if","locations":[{"start":{"line":49,"column":8},"end":{"line":49,"column":8}},{"start":{"line":49,"column":8},"end":{"line":49,"column":8}}]},"10":{"line":51,"type":"if","locations":[{"start":{"line":51,"column":8},"end":{"line":51,"column":8}},{"start":{"line":51,"column":8},"end":{"line":51,"column":8}}]},"11":{"line":56,"type":"if","locations":[{"start":{"line":56,"column":8},"end":{"line":56,"column":8}},{"start":{"line":56,"column":8},"end":{"line":56,"column":8}}]},"12":{"line":61,"type":"if","locations":[{"start":{"line":61,"column":8},"end":{"line":61,"column":8}},{"start":{"line":61,"column":8},"end":{"line":61,"column":8}}]},"13":{"line":66,"type":"if","locations":[{"start":{"line":66,"column":8},"end":{"line":66,"column":8}},{"start":{"line":66,"column":8},"end":{"line":66,"column":8}}]},"14":{"line":71,"type":"if","locations":[{"start":{"line":71,"column":8},"end":{"line":71,"column":8}},{"start":{"line":71,"column":8},"end":{"line":71,"column":8}}]},"15":{"line":76,"type":"if","locations":[{"start":{"line":76,"column":8},"end":{"line":76,"column":8}},{"start":{"line":76,"column":8},"end":{"line":76,"column":8}}]}}},
"contracts\\utils\\String.sol":{"l":{"20":0,"21":0,"23":0,"24":0,"25":0,"26":0,"27":0,"29":0,"30":0,"31":0,"32":0,"33":0,"35":0,"42":0,"43":0,"45":0,"46":0,"47":0,"48":0,"49":0,"51":0,"62":0,"63":0,"64":0,"65":0,"66":0,"67":0,"69":0,"70":0,"77":0},"path":"D:\\Code\\Dappdemo\\NFTMarketdemo\\contracts\\utils\\String.sol","s":{"1":0,"2":0,"3":0,"4":0,"5":0,"6":0,"7":0,"8":0,"9":0,"10":0,"11":0,"12":0,"13":0,"14":0,"15":0,"16":0,"17":0,"18":0,"19":0},"b":{"1":[0,0],"2":[0,0],"3":[0,0]},"f":{"1":0,"2":0,"3":0,"4":0},"fnMap":{"1":{"name":"toString","line":16,"loc":{"start":{"line":16,"column":4},"end":{"line":36,"column":4}}},"2":{"name":"toHexString","line":41,"loc":{"start":{"line":41,"column":4},"end":{"line":52,"column":4}}},"3":{"name":"toHexString","line":57,"loc":{"start":{"line":57,"column":4},"end":{"line":71,"column":4}}},"4":{"name":"toHexString","line":76,"loc":{"start":{"line":76,"column":4},"end":{"line":78,"column":4}}}},"statementMap":{"1":{"start":{"line":20,"column":8},"end":{"line":20,"column":690}},"2":{"start":{"line":21,"column":12},"end":{"line":21,"column":22}},"3":{"start":{"line":23,"column":8},"end":{"line":23,"column":28}},"4":{"start":{"line":24,"column":8},"end":{"line":24,"column":22}},"5":{"start":{"line":25,"column":8},"end":{"line":25,"column":809}},"6":{"start":{"line":29,"column":8},"end":{"line":29,"column":47}},"7":{"start":{"line":30,"column":8},"end":{"line":30,"column":947}},"8":{"start":{"line":35,"column":8},"end":{"line":35,"column":29}},"9":{"start":{"line":42,"column":8},"end":{"line":42,"column":1335}},"10":{"start":{"line":43,"column":12},"end":{"line":43,"column":25}},"11":{"start":{"line":45,"column":8},"end":{"line":45,"column":28}},"12":{"start":{"line":46,"column":8},"end":{"line":46,"column":26}},"13":{"start":{"line":47,"column":8},"end":{"line":47,"column":1461}},"14":{"start":{"line":51,"column":8},"end":{"line":51,"column":41}},"15":{"start":{"line":62,"column":8},"end":{"line":62,"column":55}},"16":{"start":{"line":65,"column":8},"end":{"line":65,"column":1961}},"17":{"start":{"line":69,"column":8},"end":{"line":69,"column":62}},"18":{"start":{"line":70,"column":8},"end":{"line":70,"column":29}},"19":{"start":{"line":77,"column":8},"end":{"line":77,"column":67}}},"branchMap":{"1":{"line":20,"type":"if","locations":[{"start":{"line":20,"column":8},"end":{"line":20,"column":8}},{"start":{"line":20,"column":8},"end":{"line":20,"column":8}}]},"2":{"line":42,"type":"if","locations":[{"start":{"line":42,"column":8},"end":{"line":42,"column":8}},{"start":{"line":42,"column":8},"end":{"line":42,"column":8}}]},"3":{"line":69,"type":"if","locations":[{"start":{"line":69,"column":8},"end":{"line":69,"column":8}},{"start":{"line":69,"column":8},"end":{"line":69,"column":8}}]}}}}
