TN:
SF:D:\Code\Dappdemo\NFTMarketdemo\contracts\erc20_usdt.sol
FN:8,constructor
FNF:1
FNH:1
FNDA:27,constructor
DA:10,27
LF:1
LH:1
BRF:0
BRH:0
end_of_record
TN:
SF:D:\Code\Dappdemo\NFTMarketdemo\contracts\erc721_nft.sol
FN:13,constructor
FN:16,_baseURI
FN:20,safeMint
FN:27,_update
FN:35,_increaseBalance
FN:42,supportsInterface
FNF:6
FNH:3
FNDA:27,constructor
FNDA:0,_baseURI
FNDA:18,safeMint
FNDA:27,_update
FNDA:0,_increaseBalance
FNDA:0,supportsInterface
DA:17,0
DA:21,18
DA:22,18
DA:32,27
DA:39,0
DA:48,0
LF:6
LH:3
BRDA:20,1,0,18
BRDA:20,1,1,0
BRF:2
BRH:1
end_of_record
TN:
SF:D:\Code\Dappdemo\NFTMarketdemo\contracts\interfaces\IERC165.sol
FNF:0
FNH:0
LF:0
LH:0
BRF:0
BRH:0
end_of_record
TN:
SF:D:\Code\Dappdemo\NFTMarketdemo\contracts\interfaces\IERC20.sol
FNF:0
FNH:0
LF:0
LH:0
BRF:0
BRH:0
end_of_record
TN:
SF:D:\Code\Dappdemo\NFTMarketdemo\contracts\interfaces\IERC721.sol
FNF:0
FNH:0
LF:0
LH:0
BRF:0
BRH:0
end_of_record
TN:
SF:D:\Code\Dappdemo\NFTMarketdemo\contracts\interfaces\IERC721Metadata.sol
FNF:0
FNH:0
LF:0
LH:0
BRF:0
BRH:0
end_of_record
TN:
SF:D:\Code\Dappdemo\NFTMarketdemo\contracts\interfaces\IERC721Receiver.sol
FNF:0
FNH:0
LF:0
LH:0
BRF:0
BRH:0
end_of_record
TN:
SF:D:\Code\Dappdemo\NFTMarketdemo\contracts\ntf_market.sol
FN:31,constructor
FN:38,buy
FN:56,cancelOrder
FN:69,changePrice
FN:84,onERC721Received
FN:105,isListed
FN:109,removeListing
FN:124,getOrderLength
FN:128,getAllNFTs
FN:132,getMyNFTs
FN:144,toUint256
FNF:11
FNH:11
FNDA:27,constructor
FNDA:1,buy
FNDA:1,cancelOrder
FNDA:1,changePrice
FNDA:7,onERC721Received
FNDA:18,isListed
FNDA:2,removeListing
FNDA:4,getOrderLength
FNDA:6,getAllNFTs
FNDA:3,getMyNFTs
FNDA:7,toUint256
DA:32,27
DA:33,27
DA:34,27
DA:35,27
DA:39,1
DA:41,1
DA:42,1
DA:43,1
DA:45,1
DA:46,1
DA:50,1
DA:52,1
DA:53,1
DA:57,1
DA:58,1
DA:63,1
DA:65,1
DA:66,1
DA:70,1
DA:71,1
DA:76,1
DA:77,1
DA:78,1
DA:79,1
DA:81,1
DA:90,7
DA:91,7
DA:93,7
DA:94,7
DA:96,7
DA:97,7
DA:98,7
DA:100,7
DA:102,7
DA:106,18
DA:110,2
DA:111,2
DA:113,2
DA:114,1
DA:115,1
DA:116,1
DA:118,2
DA:120,2
DA:121,2
DA:125,4
DA:129,6
DA:133,3
DA:134,3
DA:135,3
DA:136,6
DA:137,6
DA:138,6
DA:141,3
DA:145,7
DA:146,7
DA:147,7
DA:149,7
DA:153,7
LF:58
LH:58
BRDA:32,1,0,27
BRDA:32,1,1,0
BRDA:33,2,0,27
BRDA:33,2,1,0
BRDA:39,3,0,1
BRDA:39,3,1,0
BRDA:45,4,0,1
BRDA:45,4,1,0
BRDA:46,5,0,1
BRDA:46,5,1,0
BRDA:57,6,0,1
BRDA:57,6,1,0
BRDA:58,7,0,1
BRDA:58,7,1,0
BRDA:70,8,0,1
BRDA:70,8,1,0
BRDA:71,9,0,1
BRDA:71,9,1,0
BRDA:91,10,0,7
BRDA:91,10,1,0
BRDA:93,11,0,7
BRDA:93,11,1,0
BRDA:94,12,0,7
BRDA:94,12,1,0
BRDA:113,13,0,1
BRDA:113,13,1,1
BRDA:136,14,0,6
BRDA:136,14,1,0
BRDA:145,15,0,7
BRDA:145,15,1,0
BRDA:146,16,0,7
BRDA:146,16,1,0
BRF:32
BRH:17
end_of_record
TN:
SF:D:\Code\Dappdemo\NFTMarketdemo\contracts\tokens\erc20.sol
FN:20,constructor
FN:26,totalSupply
FN:30,balanceOf
FN:34,transfer
FN:39,allowance
FN:43,approve
FN:48,transferFrom
FN:54,_transfer
FN:63,_mint
FN:71,_burn
FN:79,_approve
FNF:11
FNH:0
FNDA:0,constructor
FNDA:0,totalSupply
FNDA:0,balanceOf
FNDA:0,transfer
FNDA:0,allowance
FNDA:0,approve
FNDA:0,transferFrom
FNDA:0,_transfer
FNDA:0,_mint
FNDA:0,_burn
FNDA:0,_approve
DA:21,0
DA:22,0
DA:23,0
DA:27,0
DA:31,0
DA:35,0
DA:36,0
DA:40,0
DA:44,0
DA:45,0
DA:49,0
DA:50,0
DA:51,0
DA:55,0
DA:56,0
DA:58,0
DA:59,0
DA:60,0
DA:64,0
DA:66,0
DA:67,0
DA:68,0
DA:72,0
DA:74,0
DA:75,0
DA:76,0
DA:80,0
DA:81,0
DA:83,0
DA:84,0
LF:30
LH:0
BRDA:55,1,0,0
BRDA:55,1,1,0
BRDA:56,2,0,0
BRDA:56,2,1,0
BRDA:64,3,0,0
BRDA:64,3,1,0
BRDA:72,4,0,0
BRDA:72,4,1,0
BRDA:80,5,0,0
BRDA:80,5,1,0
BRDA:81,6,0,0
BRDA:81,6,1,0
BRF:12
BRH:0
end_of_record
TN:
SF:D:\Code\Dappdemo\NFTMarketdemo\contracts\tokens\erc721.sol
FN:34,constructor
FN:40,supportsInterface
FN:53,balanceOf
FN:59,ownerOf
FN:70,isApprovedForAll
FN:80,setApprovalForAll
FN:89,getApproved
FN:100,_approve
FN:110,approve
FN:120,_isApprovedOrOwner
FN:136,_transfer
FN:155,transferFrom
FN:175,_safeTransfer
FN:192,safeTransferFrom
FN:207,safeTransferFrom
FN:222,_mint
FN:233,_burn
FN:246,_checkOnERC721Received
FN:268,tokenURI
FN:287,_baseURI
FNF:20
FNH:0
FNDA:0,constructor
FNDA:0,supportsInterface
FNDA:0,balanceOf
FNDA:0,ownerOf
FNDA:0,isApprovedForAll
FNDA:0,setApprovalForAll
FNDA:0,getApproved
FNDA:0,_approve
FNDA:0,approve
FNDA:0,_isApprovedOrOwner
FNDA:0,_transfer
FNDA:0,transferFrom
FNDA:0,_safeTransfer
FNDA:0,safeTransferFrom
FNDA:0,safeTransferFrom
FNDA:0,_mint
FNDA:0,_burn
FNDA:0,_checkOnERC721Received
FNDA:0,tokenURI
FNDA:0,_baseURI
DA:35,0
DA:36,0
DA:46,0
DA:54,0
DA:55,0
DA:65,0
DA:66,0
DA:76,0
DA:84,0
DA:85,0
DA:95,0
DA:96,0
DA:105,0
DA:106,0
DA:111,0
DA:112,0
DA:116,0
DA:125,0
DA:142,0
DA:143,0
DA:145,0
DA:147,0
DA:148,0
DA:149,0
DA:151,0
DA:160,0
DA:161,0
DA:165,0
DA:182,0
DA:183,0
DA:198,0
DA:199,0
DA:203,0
DA:212,0
DA:223,0
DA:224,0
DA:226,0
DA:227,0
DA:229,0
DA:234,0
DA:235,0
DA:237,0
DA:239,0
DA:240,0
DA:242,0
DA:252,0
DA:253,0
DA:259,0
DA:261,0
DA:275,0
DA:277,0
DA:279,0
DA:288,0
LF:53
LH:0
BRDA:47,1,0,0
BRDA:47,1,1,0
BRDA:47,2,0,0
BRDA:47,2,1,0
BRDA:54,3,0,0
BRDA:54,3,1,0
BRDA:66,4,0,0
BRDA:66,4,1,0
BRDA:95,5,0,0
BRDA:95,5,1,0
BRDA:112,6,0,0
BRDA:112,6,1,0
BRDA:113,7,0,0
BRDA:113,7,1,0
BRDA:125,8,0,0
BRDA:125,8,1,0
BRDA:125,9,0,0
BRDA:125,9,1,0
BRDA:142,10,0,0
BRDA:142,10,1,0
BRDA:143,11,0,0
BRDA:143,11,1,0
BRDA:161,12,0,0
BRDA:161,12,1,0
BRDA:183,13,0,0
BRDA:183,13,1,0
BRDA:199,14,0,0
BRDA:199,14,1,0
BRDA:223,15,0,0
BRDA:223,15,1,0
BRDA:224,16,0,0
BRDA:224,16,1,0
BRDA:235,17,0,0
BRDA:235,17,1,0
BRDA:252,18,0,0
BRDA:252,18,1,0
BRDA:275,19,0,0
BRDA:275,19,1,0
BRDA:280,20,0,0
BRDA:280,20,1,0
BRF:40
BRH:0
end_of_record
TN:
SF:D:\Code\Dappdemo\NFTMarketdemo\contracts\utils\Address.sol
FN:7,isContract
FNF:1
FNH:0
FNDA:0,isContract
DA:8,0
DA:9,0
DA:12,0
LF:3
LH:0
BRF:0
BRH:0
end_of_record
TN:
SF:D:\Code\Dappdemo\NFTMarketdemo\contracts\utils\SafeMath.sol
FN:6,tryAdd
FN:12,trySub
FN:17,tryMul
FN:27,tryDiv
FN:32,tryMod
FN:37,add
FN:43,sub
FN:48,mul
FN:55,div
FN:60,mod
FN:65,sub
FN:70,div
FN:75,mod
FNF:13
FNH:0
FNDA:0,tryAdd
FNDA:0,trySub
FNDA:0,tryMul
FNDA:0,tryDiv
FNDA:0,tryMod
FNDA:0,add
FNDA:0,sub
FNDA:0,mul
FNDA:0,div
FNDA:0,mod
FNDA:0,sub
FNDA:0,div
FNDA:0,mod
DA:7,0
DA:8,0
DA:9,0
DA:13,0
DA:14,0
DA:21,0
DA:22,0
DA:23,0
DA:24,0
DA:28,0
DA:29,0
DA:33,0
DA:34,0
DA:38,0
DA:39,0
DA:40,0
DA:44,0
DA:45,0
DA:49,0
DA:50,0
DA:51,0
DA:52,0
DA:56,0
DA:57,0
DA:61,0
DA:62,0
DA:66,0
DA:67,0
DA:71,0
DA:72,0
DA:76,0
DA:77,0
LF:32
LH:0
BRDA:8,1,0,0
BRDA:8,1,1,0
BRDA:13,2,0,0
BRDA:13,2,1,0
BRDA:21,3,0,0
BRDA:21,3,1,0
BRDA:23,4,0,0
BRDA:23,4,1,0
BRDA:28,5,0,0
BRDA:28,5,1,0
BRDA:33,6,0,0
BRDA:33,6,1,0
BRDA:39,7,0,0
BRDA:39,7,1,0
BRDA:44,8,0,0
BRDA:44,8,1,0
BRDA:49,9,0,0
BRDA:49,9,1,0
BRDA:51,10,0,0
BRDA:51,10,1,0
BRDA:56,11,0,0
BRDA:56,11,1,0
BRDA:61,12,0,0
BRDA:61,12,1,0
BRDA:66,13,0,0
BRDA:66,13,1,0
BRDA:71,14,0,0
BRDA:71,14,1,0
BRDA:76,15,0,0
BRDA:76,15,1,0
BRF:30
BRH:0
end_of_record
TN:
SF:D:\Code\Dappdemo\NFTMarketdemo\contracts\utils\String.sol
FN:16,toString
FN:41,toHexString
FN:57,toHexString
FN:76,toHexString
FNF:4
FNH:0
FNDA:0,toString
FNDA:0,toHexString
FNDA:0,toHexString
FNDA:0,toHexString
DA:20,0
DA:21,0
DA:23,0
DA:24,0
DA:25,0
DA:26,0
DA:27,0
DA:29,0
DA:30,0
DA:31,0
DA:32,0
DA:33,0
DA:35,0
DA:42,0
DA:43,0
DA:45,0
DA:46,0
DA:47,0
DA:48,0
DA:49,0
DA:51,0
DA:62,0
DA:63,0
DA:64,0
DA:65,0
DA:66,0
DA:67,0
DA:69,0
DA:70,0
DA:77,0
LF:30
LH:0
BRDA:20,1,0,0
BRDA:20,1,1,0
BRDA:42,2,0,0
BRDA:42,2,1,0
BRDA:69,3,0,0
BRDA:69,3,1,0
BRF:6
BRH:0
end_of_record
